0 info it worked if it ends with ok
1 verbose cli [ 'C:\\Users\\User\\AppData\\Local\\.meteor\\packages\\meteor-tool\\1.4.1_1\\mt-os.windows.x86_32\\dev_bundle\\bin\\node.exe',
1 verbose cli   'C:\\Users\\User\\AppData\\Local\\.meteor\\packages\\meteor-tool\\1.4.1_1\\mt-os.windows.x86_32\\dev_bundle\\lib\\node_modules\\npm\\bin\\npm-cli.js',
1 verbose cli   'install',
1 verbose cli   '--save',
1 verbose cli   'bcrypt' ]
2 info using npm@3.10.6
3 info using node@v4.5.0
4 silly loadCurrentTree Starting
5 silly install loadCurrentTree
6 silly install readLocalPackageData
7 silly fetchPackageMetaData bcrypt
8 silly fetchNamedPackageData bcrypt
9 silly mapToRegistry name bcrypt
10 silly mapToRegistry using default registry
11 silly mapToRegistry registry https://registry.npmjs.org/
12 silly mapToRegistry data Result {
12 silly mapToRegistry   raw: 'bcrypt',
12 silly mapToRegistry   scope: null,
12 silly mapToRegistry   escapedName: 'bcrypt',
12 silly mapToRegistry   name: 'bcrypt',
12 silly mapToRegistry   rawSpec: '',
12 silly mapToRegistry   spec: 'latest',
12 silly mapToRegistry   type: 'tag' }
13 silly mapToRegistry uri https://registry.npmjs.org/bcrypt
14 verbose request uri https://registry.npmjs.org/bcrypt
15 verbose request no auth needed
16 info attempt registry request try #1 at 00:22:45
17 verbose request id b075aa2b04cd6c40
18 verbose etag "DQ9GJ3WY1XDWP2O9FMMTX3XTU"
19 http request GET https://registry.npmjs.org/bcrypt
20 http 200 https://registry.npmjs.org/bcrypt
21 verbose headers { server: 'CouchDB/1.5.0 (Erlang OTP/R16B03)',
21 verbose headers   etag: '"2W7CTWO1ETKY4R5XARYMM9SFN"',
21 verbose headers   'content-type': 'application/json',
21 verbose headers   'content-encoding': 'gzip',
21 verbose headers   'cache-control': 'max-age=300',
21 verbose headers   'content-length': '11903',
21 verbose headers   'accept-ranges': 'bytes',
21 verbose headers   date: 'Tue, 27 Sep 2016 16:25:42 GMT',
21 verbose headers   via: '1.1 varnish',
21 verbose headers   age: '0',
21 verbose headers   connection: 'keep-alive',
21 verbose headers   'x-served-by': 'cache-nrt6135-NRT',
21 verbose headers   'x-cache': 'HIT',
21 verbose headers   'x-cache-hits': '1',
21 verbose headers   'x-timer': 'S1474993541.855671,VS0,VE144',
21 verbose headers   vary: 'Accept-Encoding' }
22 silly get cb [ 200,
22 silly get   { server: 'CouchDB/1.5.0 (Erlang OTP/R16B03)',
22 silly get     etag: '"2W7CTWO1ETKY4R5XARYMM9SFN"',
22 silly get     'content-type': 'application/json',
22 silly get     'content-encoding': 'gzip',
22 silly get     'cache-control': 'max-age=300',
22 silly get     'content-length': '11903',
22 silly get     'accept-ranges': 'bytes',
22 silly get     date: 'Tue, 27 Sep 2016 16:25:42 GMT',
22 silly get     via: '1.1 varnish',
22 silly get     age: '0',
22 silly get     connection: 'keep-alive',
22 silly get     'x-served-by': 'cache-nrt6135-NRT',
22 silly get     'x-cache': 'HIT',
22 silly get     'x-cache-hits': '1',
22 silly get     'x-timer': 'S1474993541.855671,VS0,VE144',
22 silly get     vary: 'Accept-Encoding' } ]
23 verbose get saving bcrypt to C:\Users\User\AppData\Roaming\npm-cache\registry.npmjs.org\bcrypt\.cache.json
24 verbose correctMkdir C:\Users\User\AppData\Roaming\npm-cache correctMkdir not in flight; initializing
25 silly install normalizeTree
26 silly loadCurrentTree Finishing
27 silly loadIdealTree Starting
28 silly install loadIdealTree
29 silly cloneCurrentTree Starting
30 silly install cloneCurrentTreeToIdealTree
31 silly cloneCurrentTree Finishing
32 silly loadShrinkwrap Starting
33 silly install loadShrinkwrap
34 silly loadShrinkwrap Finishing
35 silly loadAllDepsIntoIdealTree Starting
36 silly install loadAllDepsIntoIdealTree
37 silly resolveWithNewModule bcrypt@0.8.7 checking installable status
38 silly cache add args [ 'bcrypt', null ]
39 verbose cache add spec bcrypt
40 silly cache add parsed spec Result {
40 silly cache add   raw: 'bcrypt',
40 silly cache add   scope: null,
40 silly cache add   escapedName: 'bcrypt',
40 silly cache add   name: 'bcrypt',
40 silly cache add   rawSpec: '',
40 silly cache add   spec: 'latest',
40 silly cache add   type: 'tag' }
41 silly addNamed bcrypt@latest
42 verbose addNamed "latest" is being treated as a dist-tag for bcrypt
43 info addNameTag [ 'bcrypt', 'latest' ]
44 silly mapToRegistry name bcrypt
45 silly mapToRegistry using default registry
46 silly mapToRegistry registry https://registry.npmjs.org/
47 silly mapToRegistry data Result {
47 silly mapToRegistry   raw: 'bcrypt',
47 silly mapToRegistry   scope: null,
47 silly mapToRegistry   escapedName: 'bcrypt',
47 silly mapToRegistry   name: 'bcrypt',
47 silly mapToRegistry   rawSpec: '',
47 silly mapToRegistry   spec: 'latest',
47 silly mapToRegistry   type: 'tag' }
48 silly mapToRegistry uri https://registry.npmjs.org/bcrypt
49 verbose addNameTag registry:https://registry.npmjs.org/bcrypt not in flight; fetching
50 verbose get https://registry.npmjs.org/bcrypt not expired, no request
51 silly addNameTag next cb for bcrypt with tag latest
52 silly addNamed bcrypt@0.8.7
53 verbose addNamed "0.8.7" is a plain semver version for bcrypt
54 silly cache afterAdd bcrypt@0.8.7
55 verbose afterAdd C:\Users\User\AppData\Roaming\npm-cache\bcrypt\0.8.7\package\package.json not in flight; writing
56 verbose correctMkdir C:\Users\User\AppData\Roaming\npm-cache correctMkdir not in flight; initializing
57 verbose afterAdd C:\Users\User\AppData\Roaming\npm-cache\bcrypt\0.8.7\package\package.json written
58 silly fetchNamedPackageData bindings
59 silly mapToRegistry name bindings
60 silly mapToRegistry using default registry
61 silly mapToRegistry registry https://registry.npmjs.org/
62 silly mapToRegistry data Result {
62 silly mapToRegistry   raw: 'bindings',
62 silly mapToRegistry   scope: null,
62 silly mapToRegistry   escapedName: 'bindings',
62 silly mapToRegistry   name: 'bindings',
62 silly mapToRegistry   rawSpec: '',
62 silly mapToRegistry   spec: 'latest',
62 silly mapToRegistry   type: 'tag' }
63 silly mapToRegistry uri https://registry.npmjs.org/bindings
64 silly fetchNamedPackageData nan
65 silly mapToRegistry name nan
66 silly mapToRegistry using default registry
67 silly mapToRegistry registry https://registry.npmjs.org/
68 silly mapToRegistry data Result {
68 silly mapToRegistry   raw: 'nan',
68 silly mapToRegistry   scope: null,
68 silly mapToRegistry   escapedName: 'nan',
68 silly mapToRegistry   name: 'nan',
68 silly mapToRegistry   rawSpec: '',
68 silly mapToRegistry   spec: 'latest',
68 silly mapToRegistry   type: 'tag' }
69 silly mapToRegistry uri https://registry.npmjs.org/nan
70 verbose request uri https://registry.npmjs.org/bindings
71 verbose request no auth needed
72 info attempt registry request try #1 at 00:22:46
73 verbose etag "C1AW6UVQGY4VZQGFC1WTIGMDV"
74 http request GET https://registry.npmjs.org/bindings
75 verbose request uri https://registry.npmjs.org/nan
76 verbose request no auth needed
77 info attempt registry request try #1 at 00:22:46
78 verbose etag "59HOMY3HCQTCA404BD525JWB3"
79 http request GET https://registry.npmjs.org/nan
80 http 304 https://registry.npmjs.org/bindings
81 verbose headers { date: 'Tue, 27 Sep 2016 16:25:42 GMT',
81 verbose headers   via: '1.1 varnish',
81 verbose headers   'cache-control': 'max-age=300',
81 verbose headers   etag: '"C1AW6UVQGY4VZQGFC1WTIGMDV"',
81 verbose headers   age: '114',
81 verbose headers   connection: 'keep-alive',
81 verbose headers   'x-served-by': 'cache-nrt6135-NRT',
81 verbose headers   'x-cache': 'HIT',
81 verbose headers   'x-cache-hits': '1',
81 verbose headers   'x-timer': 'S1474993542.343747,VS0,VE0',
81 verbose headers   vary: 'Accept-Encoding' }
82 silly get cb [ 304,
82 silly get   { date: 'Tue, 27 Sep 2016 16:25:42 GMT',
82 silly get     via: '1.1 varnish',
82 silly get     'cache-control': 'max-age=300',
82 silly get     etag: '"C1AW6UVQGY4VZQGFC1WTIGMDV"',
82 silly get     age: '114',
82 silly get     connection: 'keep-alive',
82 silly get     'x-served-by': 'cache-nrt6135-NRT',
82 silly get     'x-cache': 'HIT',
82 silly get     'x-cache-hits': '1',
82 silly get     'x-timer': 'S1474993542.343747,VS0,VE0',
82 silly get     vary: 'Accept-Encoding' } ]
83 verbose etag https://registry.npmjs.org/bindings from cache
84 verbose get saving bindings to C:\Users\User\AppData\Roaming\npm-cache\registry.npmjs.org\bindings\.cache.json
85 verbose correctMkdir C:\Users\User\AppData\Roaming\npm-cache correctMkdir not in flight; initializing
86 silly resolveWithNewModule bindings@1.2.1 checking installable status
87 silly cache add args [ 'bindings@1.2.1', null ]
88 verbose cache add spec bindings@1.2.1
89 silly cache add parsed spec Result {
89 silly cache add   raw: 'bindings@1.2.1',
89 silly cache add   scope: null,
89 silly cache add   escapedName: 'bindings',
89 silly cache add   name: 'bindings',
89 silly cache add   rawSpec: '1.2.1',
89 silly cache add   spec: '1.2.1',
89 silly cache add   type: 'version' }
90 silly addNamed bindings@1.2.1
91 verbose addNamed "1.2.1" is a plain semver version for bindings
92 silly mapToRegistry name bindings
93 silly mapToRegistry using default registry
94 silly mapToRegistry registry https://registry.npmjs.org/
95 silly mapToRegistry data Result {
95 silly mapToRegistry   raw: 'bindings',
95 silly mapToRegistry   scope: null,
95 silly mapToRegistry   escapedName: 'bindings',
95 silly mapToRegistry   name: 'bindings',
95 silly mapToRegistry   rawSpec: '',
95 silly mapToRegistry   spec: 'latest',
95 silly mapToRegistry   type: 'tag' }
96 silly mapToRegistry uri https://registry.npmjs.org/bindings
97 verbose addNameVersion registry:https://registry.npmjs.org/bindings not in flight; fetching
98 verbose get https://registry.npmjs.org/bindings not expired, no request
99 silly cache afterAdd bindings@1.2.1
100 verbose afterAdd C:\Users\User\AppData\Roaming\npm-cache\bindings\1.2.1\package\package.json not in flight; writing
101 verbose correctMkdir C:\Users\User\AppData\Roaming\npm-cache correctMkdir not in flight; initializing
102 verbose afterAdd C:\Users\User\AppData\Roaming\npm-cache\bindings\1.2.1\package\package.json written
103 http 200 https://registry.npmjs.org/nan
104 verbose headers { server: 'CouchDB/1.5.0 (Erlang OTP/R16B03)',
104 verbose headers   etag: '"1YJEPM5V4XH0MZT0HV3B8R9BB"',
104 verbose headers   'content-type': 'application/json',
104 verbose headers   'content-encoding': 'gzip',
104 verbose headers   'cache-control': 'max-age=300',
104 verbose headers   'content-length': '17162',
104 verbose headers   'accept-ranges': 'bytes',
104 verbose headers   date: 'Tue, 27 Sep 2016 16:25:42 GMT',
104 verbose headers   via: '1.1 varnish',
104 verbose headers   age: '261',
104 verbose headers   connection: 'keep-alive',
104 verbose headers   'x-served-by': 'cache-nrt6126-NRT',
104 verbose headers   'x-cache': 'HIT',
104 verbose headers   'x-cache-hits': '1',
104 verbose headers   'x-timer': 'S1474993542.467157,VS0,VE0',
104 verbose headers   vary: 'Accept-Encoding' }
105 silly get cb [ 200,
105 silly get   { server: 'CouchDB/1.5.0 (Erlang OTP/R16B03)',
105 silly get     etag: '"1YJEPM5V4XH0MZT0HV3B8R9BB"',
105 silly get     'content-type': 'application/json',
105 silly get     'content-encoding': 'gzip',
105 silly get     'cache-control': 'max-age=300',
105 silly get     'content-length': '17162',
105 silly get     'accept-ranges': 'bytes',
105 silly get     date: 'Tue, 27 Sep 2016 16:25:42 GMT',
105 silly get     via: '1.1 varnish',
105 silly get     age: '261',
105 silly get     connection: 'keep-alive',
105 silly get     'x-served-by': 'cache-nrt6126-NRT',
105 silly get     'x-cache': 'HIT',
105 silly get     'x-cache-hits': '1',
105 silly get     'x-timer': 'S1474993542.467157,VS0,VE0',
105 silly get     vary: 'Accept-Encoding' } ]
106 verbose get saving nan to C:\Users\User\AppData\Roaming\npm-cache\registry.npmjs.org\nan\.cache.json
107 verbose correctMkdir C:\Users\User\AppData\Roaming\npm-cache correctMkdir not in flight; initializing
108 silly resolveWithNewModule nan@2.3.5 checking installable status
109 silly cache add args [ 'nan@2.3.5', null ]
110 verbose cache add spec nan@2.3.5
111 silly cache add parsed spec Result {
111 silly cache add   raw: 'nan@2.3.5',
111 silly cache add   scope: null,
111 silly cache add   escapedName: 'nan',
111 silly cache add   name: 'nan',
111 silly cache add   rawSpec: '2.3.5',
111 silly cache add   spec: '2.3.5',
111 silly cache add   type: 'version' }
112 silly addNamed nan@2.3.5
113 verbose addNamed "2.3.5" is a plain semver version for nan
114 silly mapToRegistry name nan
115 silly mapToRegistry using default registry
116 silly mapToRegistry registry https://registry.npmjs.org/
117 silly mapToRegistry data Result {
117 silly mapToRegistry   raw: 'nan',
117 silly mapToRegistry   scope: null,
117 silly mapToRegistry   escapedName: 'nan',
117 silly mapToRegistry   name: 'nan',
117 silly mapToRegistry   rawSpec: '',
117 silly mapToRegistry   spec: 'latest',
117 silly mapToRegistry   type: 'tag' }
118 silly mapToRegistry uri https://registry.npmjs.org/nan
119 verbose addNameVersion registry:https://registry.npmjs.org/nan not in flight; fetching
120 verbose get https://registry.npmjs.org/nan not expired, no request
121 silly cache afterAdd nan@2.3.5
122 verbose afterAdd C:\Users\User\AppData\Roaming\npm-cache\nan\2.3.5\package\package.json not in flight; writing
123 verbose correctMkdir C:\Users\User\AppData\Roaming\npm-cache correctMkdir not in flight; initializing
124 verbose afterAdd C:\Users\User\AppData\Roaming\npm-cache\nan\2.3.5\package\package.json written
125 silly loadAllDepsIntoIdealTree Finishing
126 silly loadIdealTree Finishing
127 silly currentTree meteor-angular-contact@1.0.0
127 silly currentTree +-- angular-animate@1.5.8
127 silly currentTree +-- angular-aria@1.5.8
127 silly currentTree +-- angular-material@1.1.1
127 silly currentTree +-- angular-messages@1.5.8
127 silly currentTree +-- angular-meteor@1.3.11
127 silly currentTree | +-- jsondiffpatch@0.1.43
127 silly currentTree | | `-- chalk@0.5.1
127 silly currentTree | |   +-- ansi-styles@1.1.0
127 silly currentTree | |   +-- escape-string-regexp@1.0.5
127 silly currentTree | |   +-- has-ansi@0.1.0
127 silly currentTree | |   | `-- ansi-regex@0.2.1
127 silly currentTree | |   +-- strip-ansi@0.3.0
127 silly currentTree | |   | `-- ansi-regex@0.2.1
127 silly currentTree | |   `-- supports-color@0.2.0
127 silly currentTree | `-- underscore@1.8.3
127 silly currentTree `-- angular@1.5.8
128 silly idealTree meteor-angular-contact@1.0.0
128 silly idealTree +-- angular-animate@1.5.8
128 silly idealTree +-- angular-aria@1.5.8
128 silly idealTree +-- angular-material@1.1.1
128 silly idealTree +-- angular-messages@1.5.8
128 silly idealTree +-- angular-meteor@1.3.11
128 silly idealTree | +-- jsondiffpatch@0.1.43
128 silly idealTree | | `-- chalk@0.5.1
128 silly idealTree | |   +-- ansi-styles@1.1.0
128 silly idealTree | |   +-- escape-string-regexp@1.0.5
128 silly idealTree | |   +-- has-ansi@0.1.0
128 silly idealTree | |   | `-- ansi-regex@0.2.1
128 silly idealTree | |   +-- strip-ansi@0.3.0
128 silly idealTree | |   | `-- ansi-regex@0.2.1
128 silly idealTree | |   `-- supports-color@0.2.0
128 silly idealTree | `-- underscore@1.8.3
128 silly idealTree +-- angular@1.5.8
128 silly idealTree +-- bcrypt@0.8.7
128 silly idealTree +-- bindings@1.2.1
128 silly idealTree `-- nan@2.3.5
129 silly generateActionsToTake Starting
130 silly install generateActionsToTake
131 silly generateActionsToTake Finishing
132 silly diffTrees action count 3
133 silly diffTrees add bindings@1.2.1
134 silly diffTrees add nan@2.3.5
135 silly diffTrees add bcrypt@0.8.7
136 silly decomposeActions action count 24
137 silly decomposeActions fetch bindings@1.2.1
138 silly decomposeActions extract bindings@1.2.1
139 silly decomposeActions test bindings@1.2.1
140 silly decomposeActions preinstall bindings@1.2.1
141 silly decomposeActions build bindings@1.2.1
142 silly decomposeActions install bindings@1.2.1
143 silly decomposeActions postinstall bindings@1.2.1
144 silly decomposeActions finalize bindings@1.2.1
145 silly decomposeActions fetch nan@2.3.5
146 silly decomposeActions extract nan@2.3.5
147 silly decomposeActions test nan@2.3.5
148 silly decomposeActions preinstall nan@2.3.5
149 silly decomposeActions build nan@2.3.5
150 silly decomposeActions install nan@2.3.5
151 silly decomposeActions postinstall nan@2.3.5
152 silly decomposeActions finalize nan@2.3.5
153 silly decomposeActions fetch bcrypt@0.8.7
154 silly decomposeActions extract bcrypt@0.8.7
155 silly decomposeActions test bcrypt@0.8.7
156 silly decomposeActions preinstall bcrypt@0.8.7
157 silly decomposeActions build bcrypt@0.8.7
158 silly decomposeActions install bcrypt@0.8.7
159 silly decomposeActions postinstall bcrypt@0.8.7
160 silly decomposeActions finalize bcrypt@0.8.7
161 silly executeActions Starting
162 silly install executeActions
163 silly doSerial global-install 0
164 silly doParallel fetch 3
165 verbose correctMkdir C:\Users\User\AppData\Roaming\npm-cache\_locks correctMkdir not in flight; initializing
166 verbose lock using C:\Users\User\AppData\Roaming\npm-cache\_locks\staging-fa9f7b7568057f08.lock for f:\vbn\meteor-angular-contact\contactApp\node_modules\.staging
167 silly doParallel extract 3
168 silly extract bindings@1.2.1
169 silly extract nan@2.3.5
170 silly extract bcrypt@0.8.7
171 verbose unbuild node_modules\.staging\bindings-c0ac2725
172 verbose unbuild node_modules\.staging\bcrypt-fc4b676e
173 silly gentlyRm f:\vbn\meteor-angular-contact\contactApp\node_modules\.staging\bindings-c0ac2725 is being purged from base f:\vbn\meteor-angular-contact\contactApp
174 verbose gentlyRm don't care about contents; nuking f:\vbn\meteor-angular-contact\contactApp\node_modules\.staging\bindings-c0ac2725
175 verbose unbuild node_modules\.staging\nan-3f7c1724
176 verbose tar unpack C:\Users\User\AppData\Roaming\npm-cache\bindings\1.2.1\package.tgz
177 verbose tar unpacking to f:\vbn\meteor-angular-contact\contactApp\node_modules\.staging\bindings-c0ac2725
178 silly gentlyRm f:\vbn\meteor-angular-contact\contactApp\node_modules\.staging\bindings-c0ac2725 is being purged
179 verbose gentlyRm don't care about contents; nuking f:\vbn\meteor-angular-contact\contactApp\node_modules\.staging\bindings-c0ac2725
180 silly gentlyRm f:\vbn\meteor-angular-contact\contactApp\node_modules\.staging\bcrypt-fc4b676e is being purged from base f:\vbn\meteor-angular-contact\contactApp
181 verbose gentlyRm don't care about contents; nuking f:\vbn\meteor-angular-contact\contactApp\node_modules\.staging\bcrypt-fc4b676e
182 silly gunzTarPerm modes [ '777', '666' ]
183 verbose tar unpack C:\Users\User\AppData\Roaming\npm-cache\bcrypt\0.8.7\package.tgz
184 verbose tar unpacking to f:\vbn\meteor-angular-contact\contactApp\node_modules\.staging\bcrypt-fc4b676e
185 silly gentlyRm f:\vbn\meteor-angular-contact\contactApp\node_modules\.staging\bcrypt-fc4b676e is being purged
186 verbose gentlyRm don't care about contents; nuking f:\vbn\meteor-angular-contact\contactApp\node_modules\.staging\bcrypt-fc4b676e
187 silly gentlyRm f:\vbn\meteor-angular-contact\contactApp\node_modules\.staging\nan-3f7c1724 is being purged from base f:\vbn\meteor-angular-contact\contactApp
188 verbose gentlyRm don't care about contents; nuking f:\vbn\meteor-angular-contact\contactApp\node_modules\.staging\nan-3f7c1724
189 silly gunzTarPerm modes [ '777', '666' ]
190 verbose tar unpack C:\Users\User\AppData\Roaming\npm-cache\nan\2.3.5\package.tgz
191 verbose tar unpacking to f:\vbn\meteor-angular-contact\contactApp\node_modules\.staging\nan-3f7c1724
192 silly gentlyRm f:\vbn\meteor-angular-contact\contactApp\node_modules\.staging\nan-3f7c1724 is being purged
193 verbose gentlyRm don't care about contents; nuking f:\vbn\meteor-angular-contact\contactApp\node_modules\.staging\nan-3f7c1724
194 silly gunzTarPerm modes [ '777', '666' ]
195 silly gunzTarPerm extractEntry package.json
196 silly gunzTarPerm modified mode [ 'package.json', 420, 438 ]
197 silly gunzTarPerm extractEntry package.json
198 silly gunzTarPerm modified mode [ 'package.json', 420, 438 ]
199 silly gunzTarPerm extractEntry package.json
200 silly gunzTarPerm modified mode [ 'package.json', 436, 438 ]
201 silly gunzTarPerm extractEntry README.md
202 silly gunzTarPerm modified mode [ 'README.md', 420, 438 ]
203 silly gunzTarPerm extractEntry bindings.js
204 silly gunzTarPerm modified mode [ 'bindings.js', 420, 438 ]
205 silly gunzTarPerm extractEntry .npmignore
206 silly gunzTarPerm modified mode [ '.npmignore', 420, 438 ]
207 silly gunzTarPerm extractEntry README.md
208 silly gunzTarPerm modified mode [ 'README.md', 420, 438 ]
209 silly gunzTarPerm extractEntry README.md
210 silly gunzTarPerm modified mode [ 'README.md', 436, 438 ]
211 silly gunzTarPerm extractEntry include_dirs.js
212 silly gunzTarPerm modified mode [ 'include_dirs.js', 436, 438 ]
213 silly gunzTarPerm extractEntry LICENSE
214 silly gunzTarPerm modified mode [ 'LICENSE', 420, 438 ]
215 silly gunzTarPerm extractEntry bcrypt.js
216 silly gunzTarPerm modified mode [ 'bcrypt.js', 420, 438 ]
217 silly gunzTarPerm extractEntry Makefile
218 silly gunzTarPerm modified mode [ 'Makefile', 420, 438 ]
219 silly gunzTarPerm extractEntry .travis.yml
220 silly gunzTarPerm modified mode [ '.travis.yml', 420, 438 ]
221 silly gunzTarPerm extractEntry CHANGELOG.md
222 silly gunzTarPerm modified mode [ 'CHANGELOG.md', 420, 438 ]
223 silly gunzTarPerm extractEntry binding.gyp
224 silly gunzTarPerm modified mode [ 'binding.gyp', 420, 438 ]
225 silly gunzTarPerm extractEntry examples/async_compare.js
226 silly gunzTarPerm modified mode [ 'examples/async_compare.js', 420, 438 ]
227 silly gunzTarPerm extractEntry examples/forever_gen_salt.js
228 silly gunzTarPerm modified mode [ 'examples/forever_gen_salt.js', 420, 438 ]
229 silly gunzTarPerm extractEntry test/async.js
230 silly gunzTarPerm modified mode [ 'test/async.js', 420, 438 ]
231 silly gunzTarPerm extractEntry test/repetitions.js
232 silly gunzTarPerm modified mode [ 'test/repetitions.js', 420, 438 ]
233 silly gunzTarPerm extractEntry test/sync.js
234 silly gunzTarPerm modified mode [ 'test/sync.js', 420, 438 ]
235 silly gunzTarPerm extractEntry ISSUE_TEMPLATE.md
236 silly gunzTarPerm modified mode [ 'ISSUE_TEMPLATE.md', 420, 438 ]
237 silly gunzTarPerm extractEntry src/bcrypt.cc
238 silly gunzTarPerm modified mode [ 'src/bcrypt.cc', 420, 438 ]
239 silly gunzTarPerm extractEntry src/bcrypt_node.cc
240 silly gunzTarPerm modified mode [ 'src/bcrypt_node.cc', 420, 438 ]
241 silly gunzTarPerm extractEntry src/blowfish.cc
242 silly gunzTarPerm modified mode [ 'src/blowfish.cc', 420, 438 ]
243 silly gunzTarPerm extractEntry src/node_blf.h
244 silly gunzTarPerm modified mode [ 'src/node_blf.h', 420, 438 ]
245 silly gunzTarPerm extractEntry werker.yml
246 silly gunzTarPerm modified mode [ 'werker.yml', 420, 438 ]
247 silly gunzTarPerm extractEntry nan_converters.h
248 silly gunzTarPerm modified mode [ 'nan_converters.h', 436, 438 ]
249 silly gunzTarPerm extractEntry LICENSE.md
250 silly gunzTarPerm modified mode [ 'LICENSE.md', 436, 438 ]
251 silly gunzTarPerm extractEntry doc/node_misc.md
252 silly gunzTarPerm modified mode [ 'doc/node_misc.md', 436, 438 ]
253 silly gunzTarPerm extractEntry doc/asyncworker.md
254 silly gunzTarPerm modified mode [ 'doc/asyncworker.md', 436, 438 ]
255 silly gunzTarPerm extractEntry doc/callback.md
256 silly gunzTarPerm modified mode [ 'doc/callback.md', 436, 438 ]
257 silly gunzTarPerm extractEntry doc/converters.md
258 silly gunzTarPerm modified mode [ 'doc/converters.md', 436, 438 ]
259 silly gunzTarPerm extractEntry doc/errors.md
260 silly gunzTarPerm modified mode [ 'doc/errors.md', 436, 438 ]
261 silly gunzTarPerm extractEntry doc/maybe_types.md
262 silly gunzTarPerm modified mode [ 'doc/maybe_types.md', 436, 438 ]
263 silly gentlyRm f:\vbn\meteor-angular-contact\contactApp\node_modules\.staging\bindings-c0ac2725\node_modules is being purged
264 verbose gentlyRm don't care about contents; nuking f:\vbn\meteor-angular-contact\contactApp\node_modules\.staging\bindings-c0ac2725\node_modules
265 silly gunzTarPerm extractEntry doc/methods.md
266 silly gunzTarPerm modified mode [ 'doc/methods.md', 436, 438 ]
267 silly gunzTarPerm extractEntry doc/new.md
268 silly gunzTarPerm modified mode [ 'doc/new.md', 436, 438 ]
269 silly gunzTarPerm extractEntry doc/buffers.md
270 silly gunzTarPerm modified mode [ 'doc/buffers.md', 436, 438 ]
271 silly gunzTarPerm extractEntry doc/object_wrappers.md
272 silly gunzTarPerm modified mode [ 'doc/object_wrappers.md', 436, 438 ]
273 silly gunzTarPerm extractEntry doc/persistent.md
274 silly gunzTarPerm modified mode [ 'doc/persistent.md', 436, 438 ]
275 silly gunzTarPerm extractEntry doc/scopes.md
276 silly gunzTarPerm modified mode [ 'doc/scopes.md', 436, 438 ]
277 silly gunzTarPerm extractEntry doc/script.md
278 silly gunzTarPerm modified mode [ 'doc/script.md', 436, 438 ]
279 silly gunzTarPerm extractEntry doc/string_bytes.md
280 silly gunzTarPerm modified mode [ 'doc/string_bytes.md', 436, 438 ]
281 silly gunzTarPerm extractEntry doc/v8_internals.md
282 silly gunzTarPerm modified mode [ 'doc/v8_internals.md', 436, 438 ]
283 silly gunzTarPerm extractEntry doc/v8_misc.md
284 silly gunzTarPerm modified mode [ 'doc/v8_misc.md', 436, 438 ]
285 silly gunzTarPerm extractEntry nan.h
286 silly gunzTarPerm modified mode [ 'nan.h', 436, 438 ]
287 silly gunzTarPerm extractEntry nan_callbacks.h
288 silly gunzTarPerm modified mode [ 'nan_callbacks.h', 436, 438 ]
289 silly gunzTarPerm extractEntry nan_callbacks_12_inl.h
290 silly gunzTarPerm modified mode [ 'nan_callbacks_12_inl.h', 436, 438 ]
291 silly gunzTarPerm extractEntry nan_callbacks_pre_12_inl.h
292 silly gunzTarPerm modified mode [ 'nan_callbacks_pre_12_inl.h', 436, 438 ]
293 silly gunzTarPerm extractEntry nan_converters_43_inl.h
294 silly gunzTarPerm modified mode [ 'nan_converters_43_inl.h', 436, 438 ]
295 silly gunzTarPerm extractEntry nan_converters_pre_43_inl.h
296 silly gunzTarPerm modified mode [ 'nan_converters_pre_43_inl.h', 436, 438 ]
297 silly gunzTarPerm extractEntry nan_implementation_12_inl.h
298 silly gunzTarPerm modified mode [ 'nan_implementation_12_inl.h', 436, 438 ]
299 silly gunzTarPerm extractEntry nan_implementation_pre_12_inl.h
300 silly gunzTarPerm modified mode [ 'nan_implementation_pre_12_inl.h', 436, 438 ]
301 silly gunzTarPerm extractEntry nan_maybe_43_inl.h
302 silly gunzTarPerm modified mode [ 'nan_maybe_43_inl.h', 436, 438 ]
303 silly gunzTarPerm extractEntry nan_maybe_pre_43_inl.h
304 silly gunzTarPerm modified mode [ 'nan_maybe_pre_43_inl.h', 436, 438 ]
305 silly gunzTarPerm extractEntry nan_new.h
306 silly gunzTarPerm modified mode [ 'nan_new.h', 436, 438 ]
307 silly gunzTarPerm extractEntry nan_object_wrap.h
308 silly gunzTarPerm modified mode [ 'nan_object_wrap.h', 436, 438 ]
309 silly gunzTarPerm extractEntry nan_persistent_12_inl.h
310 silly gunzTarPerm modified mode [ 'nan_persistent_12_inl.h', 436, 438 ]
311 silly gunzTarPerm extractEntry nan_persistent_pre_12_inl.h
312 silly gunzTarPerm modified mode [ 'nan_persistent_pre_12_inl.h', 436, 438 ]
313 silly gunzTarPerm extractEntry nan_string_bytes.h
314 silly gunzTarPerm modified mode [ 'nan_string_bytes.h', 436, 438 ]
315 silly gunzTarPerm extractEntry nan_typedarray_contents.h
316 silly gunzTarPerm modified mode [ 'nan_typedarray_contents.h', 436, 438 ]
317 silly gunzTarPerm extractEntry nan_weak.h
318 silly gunzTarPerm modified mode [ 'nan_weak.h', 436, 438 ]
319 silly gunzTarPerm extractEntry CHANGELOG.md
320 silly gunzTarPerm modified mode [ 'CHANGELOG.md', 436, 438 ]
321 silly gunzTarPerm extractEntry tools/package.json
322 silly gunzTarPerm modified mode [ 'tools/package.json', 436, 438 ]
323 silly gunzTarPerm extractEntry tools/README.md
324 silly gunzTarPerm modified mode [ 'tools/README.md', 436, 438 ]
325 silly gunzTarPerm extractEntry tools/1to2.js
326 silly gunzTarPerm modified mode [ 'tools/1to2.js', 509, 511 ]
327 silly gentlyRm f:\vbn\meteor-angular-contact\contactApp\node_modules\.staging\bcrypt-fc4b676e\node_modules is being purged
328 verbose gentlyRm don't care about contents; nuking f:\vbn\meteor-angular-contact\contactApp\node_modules\.staging\bcrypt-fc4b676e\node_modules
329 silly gentlyRm f:\vbn\meteor-angular-contact\contactApp\node_modules\.staging\nan-3f7c1724\node_modules is being purged
330 verbose gentlyRm don't care about contents; nuking f:\vbn\meteor-angular-contact\contactApp\node_modules\.staging\nan-3f7c1724\node_modules
331 silly doParallel preinstall 3
332 silly preinstall bindings@1.2.1 f:\vbn\meteor-angular-contact\contactApp\node_modules\.staging\bindings-c0ac2725
333 info lifecycle bindings@1.2.1~preinstall: bindings@1.2.1
334 silly preinstall nan@2.3.5 f:\vbn\meteor-angular-contact\contactApp\node_modules\.staging\nan-3f7c1724
335 info lifecycle nan@2.3.5~preinstall: nan@2.3.5
336 silly preinstall bcrypt@0.8.7 f:\vbn\meteor-angular-contact\contactApp\node_modules\.staging\bcrypt-fc4b676e
337 info lifecycle bcrypt@0.8.7~preinstall: bcrypt@0.8.7
338 silly lifecycle bindings@1.2.1~preinstall: no script for preinstall, continuing
339 silly lifecycle nan@2.3.5~preinstall: no script for preinstall, continuing
340 silly lifecycle bcrypt@0.8.7~preinstall: no script for preinstall, continuing
341 silly doReverseSerial remove 0
342 silly doSerial move 0
343 silly doSerial finalize 3
344 silly finalize f:\vbn\meteor-angular-contact\contactApp\node_modules\bindings
345 silly finalize f:\vbn\meteor-angular-contact\contactApp\node_modules\nan
346 silly finalize f:\vbn\meteor-angular-contact\contactApp\node_modules\bcrypt
347 silly doSerial build 3
348 silly build bindings@1.2.1
349 info linkStuff bindings@1.2.1
350 silly linkStuff bindings@1.2.1 has f:\vbn\meteor-angular-contact\contactApp\node_modules as its parent node_modules
351 verbose linkBins bindings@1.2.1
352 verbose linkMans bindings@1.2.1
353 silly build nan@2.3.5
354 info linkStuff nan@2.3.5
355 silly linkStuff nan@2.3.5 has f:\vbn\meteor-angular-contact\contactApp\node_modules as its parent node_modules
356 verbose linkBins nan@2.3.5
357 verbose linkMans nan@2.3.5
358 silly build bcrypt@0.8.7
359 info linkStuff bcrypt@0.8.7
360 silly linkStuff bcrypt@0.8.7 has f:\vbn\meteor-angular-contact\contactApp\node_modules as its parent node_modules
361 verbose linkBins bcrypt@0.8.7
362 verbose linkMans bcrypt@0.8.7
363 silly doSerial global-link 0
364 silly doParallel update-linked 0
365 silly doSerial install 3
366 silly install bindings@1.2.1 f:\vbn\meteor-angular-contact\contactApp\node_modules\.staging\bindings-c0ac2725
367 info lifecycle bindings@1.2.1~install: bindings@1.2.1
368 silly lifecycle bindings@1.2.1~install: no script for install, continuing
369 silly install nan@2.3.5 f:\vbn\meteor-angular-contact\contactApp\node_modules\.staging\nan-3f7c1724
370 info lifecycle nan@2.3.5~install: nan@2.3.5
371 silly lifecycle nan@2.3.5~install: no script for install, continuing
372 silly install bcrypt@0.8.7 f:\vbn\meteor-angular-contact\contactApp\node_modules\.staging\bcrypt-fc4b676e
373 info lifecycle bcrypt@0.8.7~install: bcrypt@0.8.7
374 verbose lifecycle bcrypt@0.8.7~install: unsafe-perm in lifecycle true
375 verbose lifecycle bcrypt@0.8.7~install: PATH: C:\Users\User\AppData\Local\.meteor\packages\meteor-tool\1.4.1_1\mt-os.windows.x86_32\dev_bundle\lib\node_modules\npm\bin\node-gyp-bin;f:\vbn\meteor-angular-contact\contactApp\node_modules\bcrypt\node_modules\.bin;f:\vbn\meteor-angular-contact\contactApp\node_modules\.bin;C:\Users\User\AppData\Local\.meteor\packages\meteor-tool\1.4.1_1\mt-os.windows.x86_32\dev_bundle\bin;C:\Users\User\AppData\Local\.meteor\packages\meteor-tool\1.4.1_1\mt-os.windows.x86_32\dev_bundle\lib\node_modules\.bin;C:\Program Files (x86)\NVIDIA Corporation\PhysX\Common;C:\Program Files\Common Files\Microsoft Shared\Windows Live;C:\Program Files (x86)\Common Files\Microsoft Shared\Windows Live;C:\Program Files (x86)\Intel\iCLS Client\;C:\Program Files\Intel\iCLS Client\;C:\Windows\system32;C:\Windows;C:\Windows\System32\Wbem;C:\Windows\System32\WindowsPowerShell\v1.0\;C:\Program Files\Intel\Intel(R) Management Engine Components\DAL;C:\Program Files\Intel\Intel(R) Management Engine Components\IPT;C:\Program Files (x86)\Intel\Intel(R) Management Engine Components\DAL;C:\Program Files (x86)\Intel\Intel(R) Management Engine Components\IPT;C:\Program Files\Microsoft\Web Platform Installer\;C:\Program Files (x86)\Microsoft ASP.NET\ASP.NET Web Pages\v1.0\;C:\Program Files\Microsoft SQL Server\110\Tools\Binn\;C:\Program Files (x86)\Microsoft SQL Server\110\Tools\Binn\;C:\Program Files\Microsoft SQL Server\110\DTS\Binn\;C:\Program Files (x86)\Microsoft SQL Server\110\Tools\Binn\ManagementStudio\;C:\Program Files (x86)\Microsoft SQL Server\110\DTS\Binn\;C:\Program Files (x86)\Calibre2\;C:\Program Files (x86)\Windows Live\Shared;C:\ProgramData\chocolatey\bin;C:\Program Files\Microsoft SQL Server\120\Tools\Binn\;C:\Program Files (x86)\Java\jdk1.7.0_55\bin;C:\Program Files (x86)\Android\android-sdk\tools;C:\Program Files (x86)\Android\android-sdk\platform-tools;C:\apache-ant-1.9.3\bin;C:\Program Files (x86)\Android\android-sdk\platform-tools;C:\WINDOWS\System32\WindowsPowerShell\v1.0\;C:\WINDOWS\system32;C:\WINDOWS;C:\WINDOWS\System32\Wbem;C:\WINDOWS\System32\WindowsPowerShell\v1.0\;C:\Program Files (x86)\Git\cmd;C:\Program Files\Microsoft SQL Server\130\Tools\Binn\;C:\Program Files\Git\cmd;C:\Program Files (x86)\Windows Kits\10\Windows Performance Toolkit\;C:\Program Files (x86)\nodejs\;C:\Users\User\.dnx\bin;C:\Users\User\AppData\Local\.meteor\;C:\Users\User\AppData\Local\atom\bin;C:\Program Files (x86)\Microsoft VS Code\bin;C:\Users\User\AppData\Local\Microsoft\WindowsApps;C:\Users\User\AppData\Roaming\npm
376 verbose lifecycle bcrypt@0.8.7~install: CWD: f:\vbn\meteor-angular-contact\contactApp\node_modules\bcrypt
377 silly lifecycle bcrypt@0.8.7~install: Args: [ '/d /s /c', 'node-gyp rebuild' ]
378 silly lifecycle bcrypt@0.8.7~install: Returned: code: 1  signal: null
379 info lifecycle bcrypt@0.8.7~install: Failed to exec install script
380 verbose unlock done using C:\Users\User\AppData\Roaming\npm-cache\_locks\staging-fa9f7b7568057f08.lock for f:\vbn\meteor-angular-contact\contactApp\node_modules\.staging
381 silly rollbackFailedOptional Starting
382 silly rollbackFailedOptional Finishing
383 silly runTopLevelLifecycles Starting
384 silly runTopLevelLifecycles Finishing
385 silly install printInstalled
386 warn meteor-angular-contact@1.0.0 No description
387 warn meteor-angular-contact@1.0.0 No repository field.
388 verbose stack Error: bcrypt@0.8.7 install: `node-gyp rebuild`
388 verbose stack Exit status 1
388 verbose stack     at EventEmitter.<anonymous> (C:\Users\User\AppData\Local\.meteor\packages\meteor-tool\1.4.1_1\mt-os.windows.x86_32\dev_bundle\lib\node_modules\npm\lib\utils\lifecycle.js:255:16)
388 verbose stack     at emitTwo (events.js:87:13)
388 verbose stack     at EventEmitter.emit (events.js:172:7)
388 verbose stack     at ChildProcess.<anonymous> (C:\Users\User\AppData\Local\.meteor\packages\meteor-tool\1.4.1_1\mt-os.windows.x86_32\dev_bundle\lib\node_modules\npm\lib\utils\spawn.js:40:14)
388 verbose stack     at emitTwo (events.js:87:13)
388 verbose stack     at ChildProcess.emit (events.js:172:7)
388 verbose stack     at maybeClose (internal/child_process.js:829:16)
388 verbose stack     at Process.ChildProcess._handle.onexit (internal/child_process.js:211:5)
389 verbose pkgid bcrypt@0.8.7
390 verbose cwd f:\vbn\meteor-angular-contact\contactApp
391 error Windows_NT 10.0.14393
392 error argv "C:\\Users\\User\\AppData\\Local\\.meteor\\packages\\meteor-tool\\1.4.1_1\\mt-os.windows.x86_32\\dev_bundle\\bin\\node.exe" "C:\\Users\\User\\AppData\\Local\\.meteor\\packages\\meteor-tool\\1.4.1_1\\mt-os.windows.x86_32\\dev_bundle\\lib\\node_modules\\npm\\bin\\npm-cli.js" "install" "--save" "bcrypt"
393 error node v4.5.0
394 error npm  v3.10.6
395 error code ELIFECYCLE
396 error bcrypt@0.8.7 install: `node-gyp rebuild`
396 error Exit status 1
397 error Failed at the bcrypt@0.8.7 install script 'node-gyp rebuild'.
397 error Make sure you have the latest version of node.js and npm installed.
397 error If you do, this is most likely a problem with the bcrypt package,
397 error not with npm itself.
397 error Tell the author that this fails on your system:
397 error     node-gyp rebuild
397 error You can get information on how to open an issue for this project with:
397 error     npm bugs bcrypt
397 error Or if that isn't available, you can get their info via:
397 error     npm owner ls bcrypt
397 error There is likely additional logging output above.
398 verbose exit [ 1, true ]
